08/24/2020 12:58:26 AM: INFO: ********************** Test_01_Login **********************
08/24/2020 12:58:26 AM: INFO: ********************** Verify Home Page Title **********************
08/24/2020 12:58:34 AM: ERROR: ********************** Home Page Title is failed **********************
08/24/2020 12:58:38 AM: INFO: ********************** Verifying Login Test**********************
08/24/2020 12:58:52 AM: INFO: ********************** Test Login passed **********************
08/24/2020 01:00:55 AM: INFO: ********************** Test_01_Login **********************
08/24/2020 01:00:55 AM: INFO: ********************** Verify Home Page Title **********************
08/24/2020 01:01:04 AM: INFO: ********************** Home Page Title is passed **********************
08/24/2020 01:01:08 AM: INFO: ********************** Verifying Login Test**********************
08/24/2020 01:01:21 AM: ERROR: ********************** Test Login Failed **********************
08/24/2020 01:23:54 AM: INFO: ********************** Test_01_Login **********************
08/24/2020 01:23:54 AM: INFO: ********************** Verify Home Page Title **********************
08/24/2020 01:24:01 AM: INFO: ********************** Home Page Title is passed **********************
08/24/2020 01:24:05 AM: INFO: ********************** Verifying Login Test**********************
08/24/2020 01:24:20 AM: ERROR: ********************** Test Login Failed **********************
08/24/2020 01:27:02 AM: INFO: ********************** Test_01_Login **********************
08/24/2020 01:27:02 AM: INFO: ********************** Verify Home Page Title **********************
08/24/2020 01:27:15 AM: INFO: ********************** Home Page Title is passed **********************
08/24/2020 01:27:32 AM: INFO: ********************** Verifying Login Test**********************
08/24/2020 01:27:58 AM: ERROR: ********************** Test Login Failed **********************
08/24/2020 12:48:26 PM: INFO: ********************** Test_01_Login **********************
08/24/2020 12:48:26 PM: INFO: ********************** Verify Home Page Title **********************
08/24/2020 12:48:39 PM: INFO: ********************** Home Page Title is passed **********************
08/24/2020 12:48:43 PM: INFO: ********************** Verifying Login Test**********************
08/24/2020 12:48:59 PM: ERROR: ********************** Test Login Failed **********************
08/24/2020 12:51:43 PM: INFO: ********************** Test_01_Login **********************
08/24/2020 12:51:43 PM: INFO: ********************** Verify Home Page Title **********************
08/24/2020 12:51:50 PM: INFO: ********************** Home Page Title is passed **********************
08/24/2020 12:52:00 PM: INFO: ********************** Verifying Login Test**********************
08/24/2020 12:52:19 PM: ERROR: ********************** Test Login Failed **********************
08/24/2020 12:56:22 PM: INFO: ********************** Test_01_Login **********************
08/24/2020 12:56:22 PM: INFO: ********************** Verify Home Page Title **********************
08/24/2020 12:56:22 PM: INFO: ********************** Verifying Login Test**********************
08/24/2020 12:56:30 PM: INFO: ********************** Home Page Title is passed **********************
08/24/2020 12:56:36 PM: ERROR: ********************** Test Login Failed **********************
08/24/2020 12:57:10 PM: INFO: ********************** Test_01_Login **********************
08/24/2020 12:57:10 PM: INFO: ********************** Verify Home Page Title **********************
08/24/2020 12:57:10 PM: INFO: ********************** Verifying Login Test**********************
08/24/2020 12:57:17 PM: INFO: ********************** Home Page Title is passed **********************
08/24/2020 12:57:27 PM: ERROR: ********************** Test Login Failed **********************
08/24/2020 01:02:16 PM: INFO: ********************** Verifying Login Test**********************
08/24/2020 01:02:16 PM: INFO: ********************** Test_01_Login **********************
08/24/2020 01:02:16 PM: INFO: ********************** Verify Home Page Title **********************
08/24/2020 01:02:25 PM: INFO: ********************** Home Page Title is passed **********************
08/24/2020 01:02:34 PM: ERROR: ********************** Test Login Failed **********************
08/25/2020 01:14:58 AM: INFO: ********************** test_ddt_login_002 ***********************
08/25/2020 01:14:58 AM: INFO: ********************** Verifying DDT Login Test **********************
08/25/2020 01:25:13 AM: INFO: ************* End Of Login DDT Test **************
08/25/2020 01:25:13 AM: INFO: ************* test_ddt_login_002 Completed **************
08/25/2020 01:25:17 AM: INFO: ********************** test_ddt_login_002 ***********************
08/25/2020 01:25:17 AM: INFO: ********************** Verifying DDT Login Test **********************
08/25/2020 01:29:04 AM: INFO: ************* End Of Login DDT Test **************
08/25/2020 01:29:04 AM: INFO: ************* test_ddt_login_002 Completed **************
08/25/2020 01:29:09 AM: INFO: ********************** test_ddt_login_002 ***********************
08/25/2020 01:29:09 AM: INFO: ********************** Verifying DDT Login Test **********************
08/25/2020 01:43:10 AM: INFO: ************* End Of Login DDT Test **************
08/25/2020 01:43:10 AM: INFO: ************* test_ddt_login_002 Completed **************
08/25/2020 01:43:14 AM: INFO: ********************** test_ddt_login_002 ***********************
08/25/2020 01:43:14 AM: INFO: ********************** Verifying DDT Login Test **********************
08/25/2020 01:44:50 AM: INFO: ************* End Of Login DDT Test **************
08/25/2020 01:44:50 AM: INFO: ************* test_ddt_login_002 Completed **************
08/25/2020 01:44:54 AM: INFO: ********************** test_ddt_login_002 ***********************
08/25/2020 01:44:54 AM: INFO: ********************** Verifying DDT Login Test **********************
08/25/2020 01:46:14 AM: INFO: ************* End Of Login DDT Test **************
08/25/2020 01:46:14 AM: INFO: ************* test_ddt_login_002 Completed **************
08/25/2020 01:46:18 AM: INFO: ********************** test_ddt_login_002 ***********************
08/25/2020 01:46:18 AM: INFO: ********************** Verifying DDT Login Test **********************
08/25/2020 01:46:28 AM: INFO: ************* Test Passed **************
08/25/2020 01:51:34 AM: INFO: ************* End Of Login DDT Test **************
08/25/2020 01:51:34 AM: INFO: ************* test_ddt_login_002 Completed **************
08/25/2020 01:51:39 AM: INFO: ********************** test_ddt_login_002 ***********************
08/25/2020 01:51:39 AM: INFO: ********************** Verifying DDT Login Test **********************
08/25/2020 01:51:51 AM: INFO: ************* Test Passed **************
08/25/2020 01:56:26 AM: INFO: ************* End Of Login DDT Test **************
08/25/2020 01:56:26 AM: INFO: ************* test_ddt_login_002 Completed **************
08/25/2020 01:56:30 AM: INFO: ********************** test_ddt_login_002 ***********************
08/25/2020 01:56:30 AM: INFO: ********************** Verifying DDT Login Test **********************
08/25/2020 01:56:47 AM: INFO: ************* Test Passed **************
08/25/2020 01:59:43 AM: INFO: ************* End Of Login DDT Test **************
08/25/2020 01:59:43 AM: INFO: ************* test_ddt_login_002 Completed **************
08/25/2020 01:59:48 AM: INFO: ********************** test_ddt_login_002 ***********************
08/25/2020 01:59:48 AM: INFO: ********************** Verifying DDT Login Test **********************
08/25/2020 02:00:03 AM: INFO: ************* Test Passed **************
08/25/2020 02:06:26 AM: INFO: ********************** test_ddt_login_002 ***********************
08/25/2020 02:06:26 AM: INFO: ********************** Verifying DDT Login Test **********************
08/25/2020 02:06:44 AM: INFO: ************* Test Passed **************
08/25/2020 02:09:14 AM: INFO: ********************** test_ddt_login_002 ***********************
08/25/2020 02:09:14 AM: INFO: ********************** Verifying DDT Login Test **********************
08/25/2020 02:09:35 AM: INFO: ************* Test Passed **************
08/25/2020 02:11:57 AM: INFO: ********************** test_ddt_login_002 ***********************
08/25/2020 02:11:57 AM: INFO: ********************** Verifying DDT Login Test **********************
08/25/2020 02:12:15 AM: INFO: ************* Test Passed **************
08/25/2020 02:18:34 AM: INFO: ********************** test_ddt_login_002 ***********************
08/25/2020 02:18:34 AM: INFO: ********************** Verifying DDT Login Test **********************
08/25/2020 02:18:50 AM: INFO: ************* Test Passed **************
08/25/2020 02:18:58 AM: INFO: ************* Test Passed **************
08/25/2020 02:21:13 AM: INFO: ********************** test_ddt_login_002 ***********************
08/25/2020 02:21:13 AM: INFO: ********************** Verifying DDT Login Test **********************
08/25/2020 02:21:30 AM: INFO: ************* Test Passed **************
08/25/2020 02:21:38 AM: INFO: ************* Test Passed **************
08/25/2020 02:23:56 AM: INFO: ********************** test_ddt_login_002 ***********************
08/25/2020 02:23:56 AM: INFO: ********************** Verifying DDT Login Test **********************
08/25/2020 02:24:14 AM: INFO: ************* Test Passed **************
08/25/2020 02:26:13 AM: INFO: ********************** test_ddt_login_002 ***********************
08/25/2020 02:26:13 AM: INFO: ********************** Verifying DDT Login Test **********************
08/25/2020 02:26:30 AM: INFO: ************* Test Passed **************
08/25/2020 02:26:45 AM: INFO: ************* Test Passed **************
08/25/2020 02:32:42 AM: INFO: ********************** test_ddt_login_002 ***********************
08/25/2020 02:32:42 AM: INFO: ********************** Verifying DDT Login Test **********************
08/25/2020 02:33:00 AM: INFO: ************* Test Passed **************
08/25/2020 02:33:12 AM: INFO: ************* Test Passed **************
08/25/2020 10:40:27 AM: INFO: ********************** test_ddt_login_002 ***********************
08/25/2020 10:40:27 AM: INFO: ********************** Verifying DDT Login Test **********************
08/25/2020 10:40:46 AM: INFO: ************* Test Passed **************
08/25/2020 10:41:00 AM: INFO: ************* Test Passed **************
08/26/2020 12:02:23 AM: INFO: ********************** test_ddt_login_002 ***********************
08/26/2020 12:02:23 AM: INFO: ********************** Verifying DDT Login Test **********************
08/26/2020 12:02:41 AM: INFO: ************* Test Passed **************
08/26/2020 12:02:52 AM: INFO: ************* Test Passed **************
08/26/2020 12:12:13 AM: INFO: ********************** Test_01_Login **********************
08/26/2020 12:12:13 AM: INFO: ********************** Verify Home Page Title **********************
08/26/2020 12:12:20 AM: INFO: ********************** Home Page Title is passed **********************
08/26/2020 12:12:25 AM: INFO: ********************** Verifying Login Test**********************
08/26/2020 12:12:42 AM: ERROR: ********************** Test Login Failed **********************
08/26/2020 12:13:15 AM: INFO: ********************** Test_01_Login **********************
08/26/2020 12:13:15 AM: INFO: ********************** Verify Home Page Title **********************
08/26/2020 12:13:22 AM: INFO: ********************** Home Page Title is passed **********************
08/26/2020 12:13:26 AM: INFO: ********************** Verifying Login Test**********************
08/26/2020 12:13:48 AM: INFO: ********************** Test Login passed **********************
08/26/2020 12:19:33 AM: INFO: ********************** test_ddt_login_002 ***********************
08/26/2020 12:19:33 AM: INFO: ********************** Verifying DDT Login Test **********************
08/26/2020 12:19:54 AM: INFO: ************* Test Passed **************
08/26/2020 12:20:01 AM: INFO: ************* Test Passed **************
08/26/2020 12:22:08 AM: INFO: ********************** test_ddt_login_002 ***********************
08/26/2020 12:22:08 AM: INFO: ********************** Verifying DDT Login Test **********************
08/26/2020 12:22:26 AM: INFO: ************* Test Passed **************
08/26/2020 12:22:34 AM: INFO: ************* Test Passed **************
08/26/2020 12:35:10 AM: INFO: ********************** test_ddt_login_002 ***********************
08/26/2020 12:35:10 AM: INFO: ********************** Verifying DDT Login Test **********************
08/26/2020 12:35:29 AM: INFO: ************* Test Passed **************
08/26/2020 12:35:37 AM: INFO: ************* Test Passed **************
08/26/2020 12:37:25 AM: INFO: ********************** test_ddt_login_002 ***********************
08/26/2020 12:37:25 AM: INFO: ********************** Verifying DDT Login Test **********************
08/26/2020 12:37:46 AM: INFO: ************* Test Passed **************
08/26/2020 12:57:23 AM: INFO: ********************** test_ddt_login_002 ***********************
08/26/2020 12:57:23 AM: INFO: ********************** Verifying DDT Login Test **********************
08/26/2020 12:57:42 AM: INFO: ************* Test Passed **************
08/26/2020 12:57:51 AM: INFO: ************* Test Passed **************
08/26/2020 01:07:45 AM: INFO: ********************** test_ddt_login_002 ***********************
08/26/2020 01:07:45 AM: INFO: ********************** Verifying DDT Login Test **********************
08/26/2020 01:08:04 AM: INFO: ************* Test Passed **************
08/26/2020 01:08:12 AM: INFO: ************* Test Failed **************
08/26/2020 01:22:32 AM: INFO: ********************** test_ddt_login_002 ***********************
08/26/2020 01:22:32 AM: INFO: ********************** Verifying DDT Login Test **********************
08/26/2020 01:22:48 AM: INFO: ************* Test Passed **************
08/26/2020 01:22:57 AM: INFO: ************* Test Failed **************
08/26/2020 01:23:05 AM: INFO: ************* Test Failed **************
08/26/2020 01:23:12 AM: INFO: ************* Test Failed **************
08/26/2020 01:23:12 AM: INFO: ************* Login Test DDT is Passed **************
08/26/2020 01:23:12 AM: INFO: ************* End Of Login DDT Test **************
08/26/2020 01:23:12 AM: INFO: ************* test_ddt_login_002 Completed **************
08/26/2020 01:24:17 AM: INFO: ********************** test_ddt_login_002 ***********************
08/26/2020 01:24:17 AM: INFO: ********************** Verifying DDT Login Test **********************
08/26/2020 01:24:30 AM: INFO: ************* Test Passed **************
08/26/2020 01:24:39 AM: INFO: ************* Test Failed **************
08/26/2020 01:24:45 AM: INFO: ************* Test Failed **************
08/26/2020 01:24:51 AM: INFO: ************* Test Failed **************
08/26/2020 01:24:51 AM: INFO: ************* Login Test DDT is Passed **************
08/26/2020 01:24:51 AM: INFO: ************* End Of Login DDT Test **************
08/26/2020 01:24:51 AM: INFO: ************* test_ddt_login_002 Completed **************
08/27/2020 12:46:12 PM: INFO: ********************** Test_01_Login **********************
08/27/2020 12:46:13 PM: INFO: ********************** Verify Home Page Title **********************
08/27/2020 12:46:16 PM: INFO: ********************** Verifying Login Test**********************
08/27/2020 12:46:33 PM: INFO: ********************** Home Page Title is passed **********************
08/27/2020 12:46:57 PM: INFO: ********************** Test Login passed **********************
08/27/2020 12:52:02 PM: INFO: ********************** Test_01_Login **********************
08/27/2020 12:52:02 PM: INFO: ********************** Verify Home Page Title **********************
08/27/2020 12:52:17 PM: INFO: ********************** Home Page Title is passed **********************
08/27/2020 12:52:22 PM: INFO: ********************** Verifying Login Test**********************
08/27/2020 12:52:43 PM: INFO: ********************** Test Login passed **********************
08/27/2020 12:54:26 PM: INFO: ********************** Test_01_Login **********************
08/27/2020 12:54:26 PM: INFO: ********************** Verify Home Page Title **********************
08/27/2020 12:54:35 PM: INFO: ********************** Home Page Title is passed **********************
08/27/2020 12:54:39 PM: INFO: ********************** Verifying Login Test**********************
08/27/2020 12:55:01 PM: INFO: ********************** Test Login passed **********************
08/27/2020 12:55:30 PM: INFO: ********************** test_ddt_login_002 ***********************
08/27/2020 12:55:30 PM: INFO: ********************** Verifying DDT Login Test **********************
08/27/2020 12:55:53 PM: INFO: ************* Test Passed **************
08/27/2020 12:56:05 PM: INFO: ************* Test Failed **************
08/27/2020 12:56:11 PM: INFO: ************* Test Failed **************
08/27/2020 12:56:17 PM: ERROR: ************* Test Failed **************
08/27/2020 12:56:17 PM: ERROR: ************* Login Test DDT is Failed **************
08/27/2020 01:00:05 PM: INFO: ********************** test_ddt_login_002 ***********************
08/27/2020 01:00:05 PM: INFO: ********************** Verifying DDT Login Test **********************
08/27/2020 01:00:28 PM: INFO: ************* Test Passed **************
08/27/2020 01:00:40 PM: INFO: ************* Test Failed **************
08/27/2020 01:00:47 PM: INFO: ************* Test Failed **************
08/27/2020 01:00:55 PM: INFO: ************* Test Failed **************
08/27/2020 01:00:55 PM: INFO: ************* Login Test DDT is Passed **************
08/27/2020 01:00:55 PM: INFO: ************* End Of Login DDT Test **************
08/27/2020 01:00:55 PM: INFO: ************* test_ddt_login_002 Completed **************
08/27/2020 01:01:43 PM: INFO: ********************** test_ddt_login_002 ***********************
08/27/2020 01:01:43 PM: INFO: ********************** Verifying DDT Login Test **********************
08/27/2020 01:02:06 PM: INFO: ************* Test Passed **************
08/27/2020 01:02:19 PM: INFO: ************* Test Failed **************
08/27/2020 01:02:27 PM: INFO: ************* Test Failed **************
08/27/2020 01:02:35 PM: ERROR: ************* Test Failed **************
08/27/2020 01:02:35 PM: ERROR: ************* Login Test DDT is Failed **************
08/27/2020 01:10:07 PM: INFO: ********************** test_ddt_login_002 ***********************
08/27/2020 01:10:07 PM: INFO: ********************** Verifying DDT Login Test **********************
08/27/2020 01:10:28 PM: INFO: ************* Test Passed **************
08/27/2020 01:10:37 PM: INFO: ************* Test Passed **************
08/27/2020 01:10:44 PM: INFO: ************* Test Passed **************
08/27/2020 01:10:52 PM: ERROR: ************* Test Failed **************
08/27/2020 01:10:52 PM: ERROR: ************* Login Test DDT is Failed **************
08/30/2020 08:10:42 PM: INFO: *********************** Test_03_add_customer Started *******************
08/30/2020 08:11:00 PM: INFO: **************** Logged In Successfully *****************
08/30/2020 08:11:00 PM: INFO: ************ Started Add Customer Test **************
08/30/2020 08:18:13 PM: INFO: *********************** Test_03_add_customer Started *******************
08/30/2020 08:19:06 PM: INFO: **************** Logged In Successfully *****************
08/30/2020 08:19:06 PM: INFO: ************ Started Add Customer Test **************
08/30/2020 08:30:24 PM: INFO: *********************** Test_03_add_customer Started *******************
08/30/2020 08:30:40 PM: INFO: **************** Logged In Successfully *****************
08/30/2020 08:30:40 PM: INFO: ************ Started Add Customer Test **************
08/30/2020 08:32:16 PM: INFO: *********************** Test_03_add_customer Started *******************
08/30/2020 08:32:29 PM: INFO: **************** Logged In Successfully *****************
08/30/2020 08:32:29 PM: INFO: ************ Started Add Customer Test **************
08/30/2020 08:38:31 PM: INFO: *********************** Test_03_add_customer Started *******************
08/30/2020 08:38:49 PM: INFO: **************** Logged In Successfully *****************
08/30/2020 08:38:49 PM: INFO: ************ Started Add Customer Test **************
08/30/2020 08:40:04 PM: INFO: *********************** Test_03_add_customer Started *******************
08/30/2020 08:40:16 PM: INFO: **************** Logged In Successfully *****************
08/30/2020 08:40:16 PM: INFO: ************ Started Add Customer Test **************
08/31/2020 12:24:48 AM: INFO: *********************** Test_03_add_customer Started *******************
08/31/2020 12:25:05 AM: INFO: **************** Logged In Successfully *****************
08/31/2020 12:25:05 AM: INFO: ************ Started Add Customer Test **************
08/31/2020 12:25:42 AM: INFO: *********************** Test_03_add_customer Started *******************
08/31/2020 12:26:03 AM: INFO: **************** Logged In Successfully *****************
08/31/2020 12:26:03 AM: INFO: ************ Started Add Customer Test **************
08/31/2020 12:28:52 AM: INFO: *********************** Test_03_add_customer Started *******************
08/31/2020 12:29:07 AM: INFO: **************** Logged In Successfully *****************
08/31/2020 12:29:07 AM: INFO: ************ Started Add Customer Test **************
08/31/2020 12:37:25 AM: INFO: *********************** Test_03_add_customer Started *******************
08/31/2020 12:37:42 AM: INFO: **************** Logged In Successfully *****************
08/31/2020 12:37:42 AM: INFO: ************ Started Add Customer Test **************
08/31/2020 12:47:34 AM: INFO: *********************** Test_03_add_customer Started *******************
08/31/2020 12:47:53 AM: INFO: **************** Logged In Successfully *****************
08/31/2020 12:47:53 AM: INFO: ************ Started Add Customer Test **************
08/31/2020 12:57:20 AM: INFO: *********************** Test_03_add_customer Started *******************
08/31/2020 12:57:35 AM: INFO: **************** Logged In Successfully *****************
08/31/2020 12:57:35 AM: INFO: ************ Started Add Customer Test **************
08/31/2020 01:04:35 AM: INFO: *********************** Test_03_add_customer Started *******************
08/31/2020 01:04:52 AM: INFO: **************** Logged In Successfully *****************
08/31/2020 01:04:52 AM: INFO: ************ Started Add Customer Test **************
08/31/2020 01:05:15 AM: INFO: ************  Saving Customer Info **************
08/31/2020 01:05:15 AM: INFO: *************  Add Customer Validation Started ***************
08/31/2020 01:08:13 AM: INFO: *********************** Test_03_add_customer Started *******************
08/31/2020 01:08:29 AM: INFO: **************** Logged In Successfully *****************
08/31/2020 01:08:29 AM: INFO: ************ Started Add Customer Test **************
08/31/2020 01:08:52 AM: INFO: ************  Saving Customer Info **************
08/31/2020 01:08:52 AM: INFO: *************  Add Customer Validation Started ***************
08/31/2020 01:08:53 AM: INFO: ************* Add Customer test Passed ****************
08/31/2020 01:08:53 AM: INFO: *************** Ending Test_03_add_customer test ****************
08/31/2020 01:14:01 AM: INFO: *********************** Test_03_add_customer Started *******************
08/31/2020 01:14:18 AM: INFO: **************** Logged In Successfully *****************
08/31/2020 01:14:18 AM: INFO: ************ Started Add Customer Test **************
08/31/2020 01:14:42 AM: INFO: ************  Saving Customer Info **************
08/31/2020 01:14:42 AM: INFO: *************  Add Customer Validation Started ***************
08/31/2020 01:14:43 AM: INFO: ************* Add Customer test Passed ****************
08/31/2020 01:14:43 AM: INFO: *************** Ending Test_03_add_customer test ****************
08/31/2020 01:20:28 AM: INFO: *********************** Test_03_add_customer Started *******************
08/31/2020 01:20:39 AM: INFO: **************** Logged In Successfully *****************
08/31/2020 01:20:39 AM: INFO: ************ Started Add Customer Test **************
08/31/2020 01:21:01 AM: INFO: ************  Saving Customer Info **************
08/31/2020 01:21:01 AM: INFO: *************  Add Customer Validation Started ***************
08/31/2020 01:21:01 AM: INFO: ************* Add Customer test Passed ****************
08/31/2020 01:21:01 AM: INFO: *************** Ending Test_03_add_customer test ****************
08/31/2020 01:24:24 AM: INFO: *********************** Test_03_add_customer Started *******************
08/31/2020 01:24:39 AM: INFO: **************** Logged In Successfully *****************
08/31/2020 01:24:39 AM: INFO: ************ Started Add Customer Test **************
08/31/2020 01:24:57 AM: INFO: ************  Saving Customer Info **************
08/31/2020 01:24:57 AM: INFO: *************  Add Customer Validation Started ***************
08/31/2020 01:24:57 AM: INFO: ************* Add Customer test Passed ****************
08/31/2020 01:24:58 AM: INFO: *************** Ending Test_03_add_customer test ****************
08/31/2020 01:26:58 AM: INFO: *********************** Test_03_add_customer Started *******************
08/31/2020 01:27:07 AM: INFO: **************** Logged In Successfully *****************
08/31/2020 01:27:07 AM: INFO: ************ Started Add Customer Test **************
08/31/2020 01:27:27 AM: INFO: ************  Saving Customer Info **************
08/31/2020 01:27:27 AM: INFO: *************  Add Customer Validation Started ***************
08/31/2020 01:27:28 AM: INFO: ************* Add Customer test Passed ****************
08/31/2020 01:27:28 AM: INFO: *************** Ending Test_03_add_customer test ****************
08/31/2020 01:30:42 AM: INFO: *********************** Test_03_add_customer Started *******************
08/31/2020 01:30:55 AM: INFO: **************** Logged In Successfully *****************
08/31/2020 01:30:55 AM: INFO: ************ Started Add Customer Test **************
08/31/2020 01:31:18 AM: INFO: ************  Saving Customer Info **************
08/31/2020 01:31:18 AM: INFO: *************  Add Customer Validation Started ***************
08/31/2020 01:31:18 AM: INFO: ************* Add Customer test Passed ****************
08/31/2020 01:31:19 AM: INFO: *************** Ending Test_03_add_customer test ****************
09/01/2020 12:57:15 AM: INFO: ***************** Search Cust By Email Test Completed ******************
09/01/2020 12:57:54 AM: INFO: ***************** Search Cust By Email Test Completed ******************
09/01/2020 12:59:08 AM: INFO: ***************** Search Cust By Email Test Completed ******************
09/01/2020 01:00:25 AM: INFO: *********************** Test_03_add_customer Started *******************
09/01/2020 01:00:40 AM: INFO: **************** Logged In Successfully *****************
09/01/2020 01:00:40 AM: INFO: ************ Started Add Customer Test **************
09/01/2020 01:01:00 AM: INFO: ************  Saving Customer Info **************
09/01/2020 01:01:00 AM: INFO: *************  Add Customer Validation Started ***************
09/01/2020 01:01:00 AM: INFO: ************* Add Customer test Passed ****************
09/01/2020 01:01:01 AM: INFO: *************** Ending Test_03_add_customer test ****************
09/01/2020 01:02:41 AM: INFO: ***************** Test 004 Search Cust By Email Test Completed ******************
09/01/2020 01:02:44 AM: INFO: ****************** Test004 Search Customer By Email ***********************
09/01/2020 01:02:44 AM: INFO: ********************** Verify Home Page Title **********************
09/01/2020 01:05:32 AM: INFO: ***************** Test 004 Search Cust By Email Test Completed ******************
09/01/2020 01:05:36 AM: INFO: ****************** Test004 Search Customer By Email ***********************
09/01/2020 01:05:36 AM: INFO: ********************** Verify Home Page Title **********************
09/01/2020 01:08:59 AM: INFO: ***************** Test 004 Search Cust By Email Test Completed ******************
09/01/2020 01:09:02 AM: INFO: ****************** Test004 Search Customer By Email ***********************
09/01/2020 01:09:02 AM: INFO: ********************** Verify Home Page Title **********************
09/01/2020 01:18:58 AM: INFO: ***************** Test 004 Search Cust By Email Test Completed ******************
09/01/2020 01:19:01 AM: INFO: ****************** Test004 Search Customer By Email ***********************
09/01/2020 01:19:01 AM: INFO: ********************** Verify Home Page Title **********************
09/01/2020 01:24:00 AM: INFO: ***************** Test 004 Search Cust By Email Test Completed ******************
09/01/2020 01:24:04 AM: INFO: ****************** Test004 Search Customer By Email ***********************
09/01/2020 01:24:04 AM: INFO: ********************** Verify Home Page Title **********************
09/01/2020 01:29:38 AM: INFO: ***************** Test 004 Search Cust By Email Test Completed ******************
09/01/2020 01:29:42 AM: INFO: ****************** Test004 Search Customer By Email ***********************
09/01/2020 01:29:42 AM: INFO: ********************** Verify Home Page Title **********************
09/01/2020 01:30:05 AM: INFO: *************** Searching Customer By Email ID ****************
09/01/2020 01:31:17 AM: INFO: ***************** Test 004 Search Cust By Email Test Completed ******************
09/01/2020 01:31:21 AM: INFO: ****************** Test004 Search Customer By Email ***********************
09/01/2020 01:31:21 AM: INFO: ********************** Verify Home Page Title **********************
09/01/2020 01:31:40 AM: INFO: *************** Searching Customer By Email ID ****************
09/01/2020 01:39:57 AM: INFO: ***************** Test 004 Search Cust By Email Test Completed ******************
09/01/2020 01:40:01 AM: INFO: ****************** Test004 Search Customer By Email ***********************
09/01/2020 01:40:01 AM: INFO: ********************** Verify Home Page Title **********************
09/01/2020 01:40:22 AM: INFO: *************** Searching Customer By Email ID ****************
09/01/2020 01:41:50 AM: INFO: ***************** Test 004 Search Cust By Email Test Completed ******************
09/01/2020 01:41:54 AM: INFO: ****************** Test004 Search Customer By Email ***********************
09/01/2020 01:41:54 AM: INFO: ********************** Verify Home Page Title **********************
09/01/2020 01:42:13 AM: INFO: *************** Searching Customer By Email ID ****************
09/01/2020 01:42:18 AM: INFO: ***************** Search Cust By Email Test Passed ******************
09/01/2020 01:58:24 AM: INFO: ********************** Test_004 Search Cust By Name **********************
09/01/2020 01:58:24 AM: INFO: None
09/01/2020 01:58:46 AM: ERROR: ************** Test 004 Search Cust By Name Failed ********************
09/01/2020 02:00:49 AM: INFO: ********************** Test_004 Search Cust By Name **********************
09/01/2020 02:00:49 AM: INFO: None
09/01/2020 02:01:14 AM: ERROR: ************** Test 004 Search Cust By Name Failed ********************
09/01/2020 02:07:19 AM: INFO: ********************** Test_004 Search Cust By Name **********************
09/01/2020 02:07:19 AM: INFO: None
09/01/2020 02:08:57 AM: INFO: ********************** Test_004 Search Cust By Name **********************
09/01/2020 02:08:57 AM: INFO: None
09/01/2020 02:09:21 AM: ERROR: ************** Test 004 Search Cust By Name Failed ********************
09/01/2020 02:12:38 AM: INFO: ********************** Test_004 Search Cust By Name **********************
09/01/2020 02:12:38 AM: INFO: None
09/01/2020 02:13:06 AM: INFO: ************** Test 004 Search Cust By Name Passed ********************
09/01/2020 02:13:07 AM: INFO: ************** Test 004 Search Cust By Name Finished ********************
09/01/2020 02:13:50 AM: INFO: ********************** Test_004 Search Cust By Name **********************
09/01/2020 02:13:50 AM: INFO: None
09/01/2020 02:14:17 AM: INFO: ************** Test 004 Search Cust By Name Passed ********************
09/01/2020 02:14:17 AM: INFO: ************** Test 004 Search Cust By Name Finished ********************
09/01/2020 02:14:38 AM: INFO: ********************** Test_004 Search Cust By Name **********************
09/01/2020 02:14:38 AM: INFO: None
09/01/2020 02:14:56 AM: ERROR: ************** Test 004 Search Cust By Name Failed ********************
09/01/2020 02:15:38 AM: INFO: ********************** Test_004 Search Cust By Name **********************
09/01/2020 02:15:38 AM: INFO: None
09/01/2020 02:16:05 AM: INFO: ************** Test 004 Search Cust By Name Passed ********************
09/01/2020 02:16:05 AM: INFO: ************** Test 004 Search Cust By Name Finished ********************
09/01/2020 11:55:53 AM: INFO: ********************** Test_004 Search Cust By Name **********************
09/01/2020 11:55:53 AM: INFO: None
09/01/2020 11:56:17 AM: INFO: ************** Test 004 Search Cust By Name Passed ********************
09/01/2020 11:56:17 AM: INFO: ************** Test 004 Search Cust By Name Finished ********************
09/01/2020 01:24:42 PM: INFO: ****************** Test004 Search Customer By Email ***********************
09/01/2020 01:24:42 PM: INFO: ********************** Verify Home Page Title **********************
09/01/2020 01:25:06 PM: INFO: *************** Searching Customer By Email ID ****************
09/01/2020 01:25:12 PM: INFO: ***************** Search Cust By Email Test Passed ******************
09/01/2020 01:25:12 PM: INFO: ***************** Test 004 Search Cust By Email Test Finished ******************
09/01/2020 01:25:17 PM: INFO: ********************** Test_004 Search Cust By Name **********************
09/01/2020 01:25:17 PM: INFO: None
09/01/2020 01:25:48 PM: INFO: ************** Test 004 Search Cust By Name Passed ********************
09/01/2020 01:25:49 PM: INFO: ************** Test 004 Search Cust By Name Finished ********************
09/01/2020 01:25:53 PM: INFO: *********************** Test_03_add_customer Started *******************
09/01/2020 01:26:08 PM: INFO: **************** Logged In Successfully *****************
09/01/2020 01:26:08 PM: INFO: ************ Started Add Customer Test **************
09/01/2020 01:26:34 PM: INFO: ************  Saving Customer Info **************
09/01/2020 01:26:34 PM: INFO: *************  Add Customer Validation Started ***************
09/01/2020 01:26:35 PM: INFO: ************* Add Customer test Passed ****************
09/01/2020 01:26:35 PM: INFO: *************** Ending Test_03_add_customer test ****************
09/01/2020 01:26:40 PM: INFO: ********************** Test_01_Login **********************
09/01/2020 01:26:40 PM: INFO: ********************** Verify Home Page Title **********************
09/01/2020 01:26:44 PM: INFO: ********************** Home Page Title is passed **********************
09/01/2020 01:26:48 PM: INFO: ********************** Verifying Login Test**********************
09/01/2020 01:27:10 PM: INFO: ********************** Test Login passed **********************
09/01/2020 01:27:14 PM: INFO: ********************** test_ddt_login_002 ***********************
09/01/2020 01:27:14 PM: INFO: ********************** Verifying DDT Login Test **********************
09/01/2020 01:27:33 PM: INFO: ************* Test Passed **************
09/01/2020 01:27:41 PM: INFO: ************* Test Passed **************
09/01/2020 01:27:49 PM: INFO: ************* Test Passed **************
09/01/2020 01:27:55 PM: ERROR: ************* Test Failed **************
09/01/2020 01:27:55 PM: ERROR: ************* Login Test DDT is Failed **************
09/01/2020 01:33:57 PM: INFO: ********************** Test_004 Search Cust By Name **********************
09/01/2020 01:33:57 PM: INFO: None
09/01/2020 01:33:57 PM: INFO: ****************** Test004 Search Customer By Email ***********************
09/01/2020 01:33:57 PM: INFO: ********************** Verify Home Page Title **********************
09/01/2020 01:34:25 PM: INFO: *************** Searching Customer By Email ID ****************
09/01/2020 01:34:30 PM: INFO: ************** Test 004 Search Cust By Name Passed ********************
09/01/2020 01:34:31 PM: INFO: ***************** Search Cust By Email Test Passed ******************
09/01/2020 01:34:31 PM: INFO: ************** Test 004 Search Cust By Name Finished ********************
09/01/2020 01:34:32 PM: INFO: ***************** Test 004 Search Cust By Email Test Finished ******************
09/01/2020 01:34:36 PM: INFO: ********************** Test_01_Login **********************
09/01/2020 01:34:36 PM: INFO: ********************** Verify Home Page Title **********************
09/01/2020 01:34:36 PM: INFO: *********************** Test_03_add_customer Started *******************
09/01/2020 01:34:40 PM: INFO: ********************** Home Page Title is passed **********************
09/01/2020 01:34:44 PM: INFO: ********************** Verifying Login Test**********************
09/01/2020 01:34:56 PM: INFO: **************** Logged In Successfully *****************
09/01/2020 01:34:56 PM: INFO: ************ Started Add Customer Test **************
09/01/2020 01:35:03 PM: INFO: ********************** Test Login passed **********************
09/01/2020 01:35:20 PM: INFO: ************  Saving Customer Info **************
09/01/2020 01:35:20 PM: INFO: *************  Add Customer Validation Started ***************
09/01/2020 01:35:24 PM: INFO: ********************** test_ddt_login_002 ***********************
09/01/2020 01:35:24 PM: INFO: ********************** Verifying DDT Login Test **********************
09/01/2020 01:35:40 PM: INFO: ************* Test Passed **************
09/01/2020 01:35:52 PM: INFO: ************* Test Passed **************
09/01/2020 01:35:58 PM: INFO: ************* Test Passed **************
09/01/2020 01:36:06 PM: INFO: ************* Test Passed **************
09/01/2020 01:36:06 PM: INFO: ************* Login Test DDT is Passed **************
09/01/2020 01:36:06 PM: INFO: ************* End Of Login DDT Test **************
09/01/2020 01:36:06 PM: INFO: ************* test_ddt_login_002 Completed **************
09/02/2020 12:52:26 PM: INFO: ****************** Test004 Search Customer By Email ***********************
09/02/2020 12:52:26 PM: INFO: ********************** Verify Home Page Title **********************
09/02/2020 12:53:21 PM: INFO: *************** Searching Customer By Email ID ****************
09/02/2020 12:53:23 PM: INFO: ************** Test 004 Search Cust By Name Passed ********************
09/02/2020 12:53:24 PM: INFO: ************** Test 004 Search Cust By Name Finished ********************
09/02/2020 12:53:27 PM: INFO: ***************** Search Cust By Email Test Passed ******************
09/02/2020 12:53:27 PM: INFO: ***************** Test 004 Search Cust By Email Test Finished ******************
09/02/2020 12:53:29 PM: INFO: ********************** Test_01_Login **********************
09/02/2020 12:53:29 PM: INFO: ********************** Verify Home Page Title **********************
09/02/2020 12:53:31 PM: INFO: *********************** Test_03_add_customer Started *******************
09/02/2020 12:53:33 PM: INFO: ********************** Home Page Title is passed **********************
09/02/2020 12:53:38 PM: INFO: ********************** Verifying Login Test**********************
09/02/2020 12:53:49 PM: INFO: **************** Logged In Successfully *****************
09/02/2020 12:53:49 PM: INFO: ************ Started Add Customer Test **************
09/02/2020 12:54:01 PM: INFO: ********************** Test Login passed **********************
09/02/2020 12:54:18 PM: INFO: ************  Saving Customer Info **************
09/02/2020 12:54:18 PM: INFO: *************  Add Customer Validation Started ***************
09/02/2020 12:54:24 PM: INFO: ********************** test_ddt_login_002 ***********************
09/02/2020 12:54:24 PM: INFO: ********************** Verifying DDT Login Test **********************
09/02/2020 12:54:38 PM: INFO: ************* Test Passed **************
09/02/2020 12:54:47 PM: INFO: ************* Test Passed **************
09/02/2020 12:54:53 PM: INFO: ************* Test Passed **************
09/02/2020 12:55:00 PM: INFO: ************* Test Passed **************
09/02/2020 01:19:45 PM: INFO: ****************** Test004 Search Customer By Email ***********************
09/02/2020 01:19:45 PM: INFO: ********************** Verify Home Page Title **********************
09/02/2020 01:20:20 PM: INFO: *************** Searching Customer By Email ID ****************
09/02/2020 01:20:26 PM: INFO: ***************** Search Cust By Email Test Passed ******************
09/02/2020 01:20:28 PM: INFO: ***************** Test 004 Search Cust By Email Test Finished ******************
09/02/2020 01:20:33 PM: INFO: ********************** Test_004 Search Cust By Name **********************
09/02/2020 01:20:33 PM: INFO: None
09/02/2020 01:21:04 PM: INFO: ************** Test 004 Search Cust By Name Passed ********************
09/02/2020 01:21:10 PM: INFO: ************** Test 004 Search Cust By Name Finished ********************
09/02/2020 01:21:15 PM: INFO: *********************** Test_03_add_customer Started *******************
09/02/2020 01:21:33 PM: INFO: **************** Logged In Successfully *****************
09/02/2020 01:21:33 PM: INFO: ************ Started Add Customer Test **************
09/02/2020 01:21:55 PM: INFO: ************  Saving Customer Info **************
09/02/2020 01:21:55 PM: INFO: *************  Add Customer Validation Started ***************
09/02/2020 01:21:56 PM: INFO: ************* Add Customer test Passed ****************
09/02/2020 01:21:59 PM: INFO: *************** Ending Test_03_add_customer test ****************
09/02/2020 01:22:05 PM: INFO: ********************** Test_01_Login **********************
09/02/2020 01:22:05 PM: INFO: ********************** Verify Home Page Title **********************
09/02/2020 01:22:10 PM: INFO: ********************** Home Page Title is passed **********************
09/02/2020 01:22:15 PM: INFO: ********************** Verifying Login Test**********************
09/02/2020 01:22:31 PM: INFO: ********************** Test Login passed **********************
09/02/2020 01:22:35 PM: INFO: ********************** test_ddt_login_002 ***********************
09/02/2020 01:22:35 PM: INFO: ********************** Verifying DDT Login Test **********************
09/02/2020 01:22:55 PM: INFO: ************* Test Passed **************
09/02/2020 01:23:03 PM: INFO: ************* Test Passed **************
09/02/2020 01:23:10 PM: INFO: ************* Test Passed **************
09/02/2020 01:23:18 PM: INFO: ************* Test Passed **************
09/02/2020 01:36:00 PM: INFO: ****************** Test004 Search Customer By Email ***********************
09/02/2020 01:36:00 PM: INFO: ********************** Verify Home Page Title **********************
09/02/2020 01:36:24 PM: INFO: *************** Searching Customer By Email ID ****************
09/02/2020 01:36:30 PM: INFO: ***************** Search Cust By Email Test Passed ******************
09/02/2020 01:36:30 PM: INFO: ***************** Test 004 Search Cust By Email Test Finished ******************
09/02/2020 01:36:57 PM: INFO: ********************** Test_004 Search Cust By Name **********************
09/02/2020 01:36:57 PM: INFO: None
09/02/2020 01:37:22 PM: INFO: ************** Test 004 Search Cust By Name Passed ********************
09/02/2020 01:37:22 PM: INFO: ************** Test 004 Search Cust By Name Finished ********************
09/02/2020 01:40:33 PM: INFO: *********************** Test_03_add_customer Started *******************
09/02/2020 01:40:45 PM: INFO: **************** Logged In Successfully *****************
09/02/2020 01:40:45 PM: INFO: ************ Started Add Customer Test **************
09/02/2020 01:41:05 PM: INFO: ************  Saving Customer Info **************
09/02/2020 01:41:05 PM: INFO: *************  Add Customer Validation Started ***************
09/02/2020 01:41:05 PM: INFO: ************* Add Customer test Passed ****************
09/02/2020 01:41:05 PM: INFO: *************** Ending Test_03_add_customer test ****************
09/02/2020 01:45:47 PM: INFO: ********************** test_ddt_login_002 ***********************
09/02/2020 01:45:47 PM: INFO: ********************** Verifying DDT Login Test **********************
09/02/2020 01:46:02 PM: INFO: ************* Test Passed **************
09/02/2020 01:46:12 PM: INFO: ************* Test Passed **************
09/02/2020 01:46:19 PM: INFO: ************* Test Passed **************
09/02/2020 01:46:27 PM: INFO: ************* Test Passed **************
09/02/2020 01:53:15 PM: INFO: ********************** test_ddt_login_002 ***********************
09/02/2020 01:53:15 PM: INFO: ********************** Verifying DDT Login Test **********************
09/02/2020 11:38:16 PM: INFO: ********************** test_ddt_login_002 ***********************
09/02/2020 11:38:16 PM: INFO: ********************** Verifying DDT Login Test **********************
09/02/2020 11:38:39 PM: INFO: ************* Test Passed **************
09/02/2020 11:38:51 PM: INFO: ************* Test Passed **************
09/02/2020 11:38:57 PM: INFO: ************* Test Passed **************
09/02/2020 11:39:05 PM: INFO: ************* Test Passed **************
09/02/2020 11:43:32 PM: INFO: ********************** test_ddt_login_002 ***********************
09/02/2020 11:43:32 PM: INFO: ********************** Verifying DDT Login Test **********************
09/02/2020 11:43:50 PM: INFO: ************* Test Passed **************
09/02/2020 11:44:02 PM: INFO: ************* Test Passed **************
09/02/2020 11:44:08 PM: INFO: ************* Test Passed **************
09/02/2020 11:44:15 PM: INFO: ************* Test Passed **************
09/03/2020 12:11:59 AM: INFO: ********************** test_ddt_login_002 ***********************
09/03/2020 12:11:59 AM: INFO: ********************** Verifying DDT Login Test **********************
09/03/2020 12:12:16 AM: INFO: ************* Test Passed **************
09/03/2020 12:12:24 AM: INFO: ************* Test Passed **************
09/03/2020 12:12:32 AM: INFO: ************* Test Passed **************
09/03/2020 12:12:39 AM: INFO: ************* Test Passed **************
09/03/2020 12:16:41 AM: INFO: ********************** test_ddt_login_002 ***********************
09/03/2020 12:16:41 AM: INFO: ********************** Verifying DDT Login Test **********************
09/03/2020 12:17:00 AM: INFO: ************* Test Passed **************
09/03/2020 12:17:19 AM: INFO: ************* Test Passed **************
09/03/2020 12:17:26 AM: INFO: ************* Test Passed **************
09/03/2020 12:17:33 AM: INFO: ************* Test Passed **************
09/03/2020 12:17:45 AM: INFO: ************* Test Passed **************
09/03/2020 12:21:43 AM: INFO: ********************** test_ddt_login_002 ***********************
09/03/2020 12:21:43 AM: INFO: ********************** Verifying DDT Login Test **********************
09/03/2020 12:22:01 AM: INFO: ************* Test Passed **************
09/03/2020 12:22:10 AM: INFO: ************* Test Passed **************
09/03/2020 12:22:17 AM: INFO: ************* Test Passed **************
09/03/2020 12:22:23 AM: INFO: ************* Test Passed **************
09/03/2020 12:22:33 AM: INFO: ************* Test Passed **************
09/03/2020 12:26:16 AM: INFO: ********************** test_ddt_login_002 ***********************
09/03/2020 12:26:16 AM: INFO: ********************** Verifying DDT Login Test **********************
09/03/2020 12:26:33 AM: INFO: ************* Test Passed **************
09/03/2020 12:26:41 AM: INFO: ************* Test Passed **************
09/03/2020 12:26:49 AM: INFO: ************* Test Passed **************
09/03/2020 12:26:56 AM: INFO: ************* Test Passed **************
09/03/2020 12:26:56 AM: INFO: ************* Login Test DDT is Passed **************
09/03/2020 12:26:57 AM: INFO: ************* End Of Login DDT Test **************
09/03/2020 12:26:57 AM: INFO: ************* test_ddt_login_002 Completed **************
09/03/2020 12:27:45 AM: INFO: ****************** Test004 Search Customer By Email ***********************
09/03/2020 12:27:45 AM: INFO: ********************** Verify Home Page Title **********************
09/03/2020 12:28:05 AM: INFO: *************** Searching Customer By Email ID ****************
09/03/2020 12:28:11 AM: INFO: ***************** Search Cust By Email Test Passed ******************
09/03/2020 12:28:11 AM: INFO: ***************** Test 004 Search Cust By Email Test Finished ******************
09/03/2020 12:28:15 AM: INFO: ********************** Test_004 Search Cust By Name **********************
09/03/2020 12:28:15 AM: INFO: None
09/03/2020 12:28:36 AM: INFO: ************** Test 004 Search Cust By Name Passed ********************
09/03/2020 12:28:37 AM: INFO: ************** Test 004 Search Cust By Name Finished ********************
09/03/2020 12:28:40 AM: INFO: *********************** Test_03_add_customer Started *******************
09/03/2020 12:28:53 AM: INFO: **************** Logged In Successfully *****************
09/03/2020 12:28:53 AM: INFO: ************ Started Add Customer Test **************
09/03/2020 12:29:15 AM: INFO: ************  Saving Customer Info **************
09/03/2020 12:29:15 AM: INFO: *************  Add Customer Validation Started ***************
09/03/2020 12:29:15 AM: INFO: ************* Add Customer test Passed ****************
09/03/2020 12:29:16 AM: INFO: *************** Ending Test_03_add_customer test ****************
09/03/2020 12:29:20 AM: INFO: ********************** Test_01_Login **********************
09/03/2020 12:29:20 AM: INFO: ********************** Verify Home Page Title **********************
09/03/2020 12:29:22 AM: INFO: ********************** Home Page Title is passed **********************
09/03/2020 12:29:26 AM: INFO: ********************** Verifying Login Test**********************
09/03/2020 12:29:38 AM: INFO: ********************** Test Login passed **********************
09/03/2020 12:29:42 AM: INFO: ********************** test_ddt_login_002 ***********************
09/03/2020 12:29:42 AM: INFO: ********************** Verifying DDT Login Test **********************
09/03/2020 12:29:56 AM: INFO: ************* Test Passed **************
09/03/2020 12:30:04 AM: INFO: ************* Test Passed **************
09/03/2020 12:30:11 AM: INFO: ************* Test Passed **************
09/03/2020 12:30:17 AM: INFO: ************* Test Passed **************
09/03/2020 12:30:17 AM: INFO: ************* Login Test DDT is Passed **************
09/03/2020 12:30:17 AM: INFO: ************* End Of Login DDT Test **************
09/03/2020 12:30:17 AM: INFO: ************* test_ddt_login_002 Completed **************
09/03/2020 12:30:46 AM: INFO: ****************** Test004 Search Customer By Email ***********************
09/03/2020 12:30:46 AM: INFO: ********************** Verify Home Page Title **********************
09/03/2020 12:30:46 AM: INFO: ********************** Test_004 Search Cust By Name **********************
09/03/2020 12:30:46 AM: INFO: None
09/03/2020 12:31:11 AM: INFO: *************** Searching Customer By Email ID ****************
09/03/2020 12:31:13 AM: INFO: ************** Test 004 Search Cust By Name Passed ********************
09/03/2020 12:31:13 AM: INFO: ************** Test 004 Search Cust By Name Finished ********************
09/03/2020 12:31:17 AM: INFO: ********************** Test_01_Login **********************
09/03/2020 12:31:17 AM: INFO: ********************** Verify Home Page Title **********************
09/03/2020 12:31:17 AM: INFO: ***************** Search Cust By Email Test Passed ******************
09/03/2020 12:31:18 AM: INFO: ***************** Test 004 Search Cust By Email Test Finished ******************
09/03/2020 12:31:22 AM: INFO: ********************** Home Page Title is passed **********************
09/03/2020 12:31:22 AM: INFO: *********************** Test_03_add_customer Started *******************
09/03/2020 12:31:26 AM: INFO: ********************** Verifying Login Test**********************
09/03/2020 12:31:36 AM: INFO: **************** Logged In Successfully *****************
09/03/2020 12:31:36 AM: INFO: ************ Started Add Customer Test **************
09/03/2020 12:31:42 AM: INFO: ********************** Test Login passed **********************
09/03/2020 12:31:58 AM: INFO: ************  Saving Customer Info **************
09/03/2020 12:31:58 AM: INFO: *************  Add Customer Validation Started ***************
09/03/2020 12:32:03 AM: INFO: ********************** test_ddt_login_002 ***********************
09/03/2020 12:32:03 AM: INFO: ********************** Verifying DDT Login Test **********************
09/03/2020 12:32:15 AM: INFO: ************* Test Passed **************
09/03/2020 12:32:24 AM: INFO: ************* Test Passed **************
09/03/2020 12:32:30 AM: INFO: ************* Test Passed **************
09/03/2020 12:32:36 AM: INFO: ************* Test Passed **************
09/03/2020 12:32:36 AM: INFO: ************* Login Test DDT is Passed **************
09/03/2020 12:32:37 AM: INFO: ************* End Of Login DDT Test **************
09/03/2020 12:32:37 AM: INFO: ************* test_ddt_login_002 Completed **************
09/04/2020 12:23:07 AM: INFO: ****************** Test004 Search Customer By Email ***********************
09/04/2020 12:23:07 AM: INFO: ********************** Verify Home Page Title **********************
09/04/2020 12:23:30 AM: INFO: *************** Searching Customer By Email ID ****************
09/04/2020 12:23:36 AM: INFO: ***************** Search Cust By Email Test Passed ******************
09/04/2020 12:23:37 AM: INFO: ***************** Test 004 Search Cust By Email Test Finished ******************
09/04/2020 12:23:41 AM: INFO: ********************** Test_004 Search Cust By Name **********************
09/04/2020 12:23:41 AM: INFO: None
09/04/2020 12:24:09 AM: INFO: ************** Test 004 Search Cust By Name Passed ********************
09/04/2020 12:24:09 AM: INFO: ************** Test 004 Search Cust By Name Finished ********************
09/04/2020 12:24:13 AM: INFO: *********************** Test_03_add_customer Started *******************
09/04/2020 12:24:25 AM: INFO: **************** Logged In Successfully *****************
09/04/2020 12:24:25 AM: INFO: ************ Started Add Customer Test **************
09/04/2020 12:24:44 AM: INFO: ************  Saving Customer Info **************
09/04/2020 12:24:44 AM: INFO: *************  Add Customer Validation Started ***************
09/04/2020 12:24:45 AM: INFO: ************* Add Customer test Passed ****************
09/04/2020 12:24:46 AM: INFO: *************** Ending Test_03_add_customer test ****************
09/04/2020 12:24:49 AM: INFO: ********************** Test_01_Login **********************
09/04/2020 12:24:49 AM: INFO: ********************** Verify Home Page Title **********************
09/04/2020 12:24:53 AM: INFO: ********************** Home Page Title is passed **********************
09/04/2020 12:24:56 AM: INFO: ********************** Verifying Login Test**********************
09/04/2020 12:25:12 AM: INFO: ********************** Test Login passed **********************
09/04/2020 12:25:16 AM: INFO: ********************** test_ddt_login_002 ***********************
09/04/2020 12:25:16 AM: INFO: ********************** Verifying DDT Login Test **********************
09/04/2020 12:25:30 AM: INFO: ************* Test Passed **************
09/04/2020 12:25:38 AM: INFO: ************* Test Passed **************
09/04/2020 12:25:44 AM: INFO: ************* Test Passed **************
09/04/2020 12:25:51 AM: INFO: ************* Test Passed **************
09/04/2020 12:25:51 AM: INFO: ************* Login Test DDT is Passed **************
09/04/2020 12:25:51 AM: INFO: ************* End Of Login DDT Test **************
09/04/2020 12:25:51 AM: INFO: ************* test_ddt_login_002 Completed **************
09/06/2020 05:35:20 PM: INFO: *********************** Test_03_add_customer Started *******************
09/06/2020 05:35:35 PM: INFO: **************** Logged In Successfully *****************
09/06/2020 05:35:35 PM: INFO: ************ Started Add Customer Test **************
09/06/2020 05:35:57 PM: INFO: ************  Saving Customer Info **************
09/06/2020 05:35:57 PM: INFO: *************  Add Customer Validation Started ***************
09/06/2020 05:35:57 PM: INFO: ************* Add Customer test Passed ****************
09/06/2020 05:35:58 PM: INFO: *************** Ending Test_03_add_customer test ****************
09/06/2020 05:36:02 PM: INFO: ********************** Test_01_Login **********************
09/06/2020 05:36:02 PM: INFO: ********************** Verify Home Page Title **********************
09/06/2020 05:36:06 PM: INFO: ********************** Home Page Title is passed **********************
09/06/2020 05:36:09 PM: INFO: ********************** Verifying Login Test**********************
09/06/2020 05:36:25 PM: INFO: ********************** Test Login passed **********************
09/06/2020 05:36:29 PM: INFO: ********************** test_ddt_login_002 ***********************
09/06/2020 05:36:29 PM: INFO: ********************** Verifying DDT Login Test **********************
09/06/2020 05:36:47 PM: INFO: ************* Test Passed **************
09/06/2020 05:36:58 PM: INFO: ************* Test Passed **************
09/06/2020 05:37:06 PM: INFO: ************* Test Passed **************
09/06/2020 05:37:13 PM: INFO: ************* Test Passed **************
09/06/2020 05:37:13 PM: INFO: ************* Login Test DDT is Passed **************
09/06/2020 05:37:13 PM: INFO: ************* End Of Login DDT Test **************
09/06/2020 05:37:13 PM: INFO: ************* test_ddt_login_002 Completed **************
09/06/2020 05:42:02 PM: INFO: ********************** Test_01_Login **********************
09/06/2020 05:42:02 PM: INFO: ********************** Verify Home Page Title **********************
09/06/2020 05:42:07 PM: INFO: ********************** Home Page Title is passed **********************
09/06/2020 05:42:25 PM: INFO: ********************** Verifying Login Test**********************
09/06/2020 05:42:43 PM: INFO: ********************** Test Login passed **********************
09/06/2020 05:46:52 PM: INFO: ********************** Test_01_Login **********************
09/06/2020 05:46:52 PM: INFO: ********************** Verify Home Page Title **********************
09/06/2020 05:46:56 PM: INFO: ********************** Home Page Title is passed **********************
09/06/2020 05:47:00 PM: INFO: ********************** Verifying Login Test**********************
09/06/2020 05:47:17 PM: INFO: ********************** Test Login passed **********************
09/06/2020 05:48:16 PM: INFO: ********************** Verifying Login Test**********************
09/06/2020 05:48:32 PM: INFO: ********************** Test Login passed **********************
09/06/2020 05:49:10 PM: INFO: ********************** Test_01_Login **********************
09/06/2020 05:49:10 PM: INFO: ********************** Verify Home Page Title **********************
09/06/2020 05:49:12 PM: INFO: ********************** Home Page Title is passed **********************
09/06/2020 06:38:33 PM: INFO: ********************** Test_01_Login **********************
09/06/2020 06:38:34 PM: INFO: ********************** Verify Home Page Title **********************
09/06/2020 06:38:42 PM: INFO: ********************** Home Page Title is passed **********************
09/06/2020 06:38:46 PM: INFO: ********************** Verifying Login Test**********************
09/06/2020 06:39:04 PM: INFO: ********************** Test Login passed **********************
09/06/2020 08:48:35 PM: INFO: *********************** Test_03_add_customer Started *******************
09/06/2020 08:48:54 PM: INFO: **************** Logged In Successfully *****************
09/06/2020 08:48:54 PM: INFO: ************ Started Add Customer Test **************
09/06/2020 08:49:18 PM: INFO: ************  Saving Customer Info **************
09/06/2020 08:49:18 PM: INFO: *************  Add Customer Validation Started ***************
09/06/2020 08:49:18 PM: INFO: ************* Add Customer test Passed ****************
09/06/2020 08:49:19 PM: INFO: *************** Ending Test_03_add_customer test ****************
09/06/2020 08:49:23 PM: INFO: ********************** Test_01_Login **********************
09/06/2020 08:49:23 PM: INFO: ********************** Verify Home Page Title **********************
09/06/2020 08:49:28 PM: INFO: ********************** Home Page Title is passed **********************
09/06/2020 08:49:31 PM: INFO: ********************** test_ddt_login_002 ***********************
09/06/2020 08:49:31 PM: INFO: ********************** Verifying DDT Login Test **********************
09/06/2020 08:49:51 PM: INFO: ************* Test Passed **************
09/06/2020 08:49:59 PM: INFO: ************* Test Passed **************
09/06/2020 08:50:07 PM: INFO: ************* Test Passed **************
09/06/2020 08:50:14 PM: INFO: ************* Test Passed **************
09/06/2020 08:50:14 PM: INFO: ************* Login Test DDT is Passed **************
09/06/2020 08:50:15 PM: INFO: ************* End Of Login DDT Test **************
09/06/2020 08:50:15 PM: INFO: ************* test_ddt_login_002 Completed **************
09/06/2020 08:55:40 PM: INFO: *********************** Test_03_add_customer Started *******************
09/06/2020 08:55:56 PM: INFO: **************** Logged In Successfully *****************
09/06/2020 08:55:56 PM: INFO: ************ Started Add Customer Test **************
09/06/2020 08:56:13 PM: INFO: ************  Saving Customer Info **************
09/06/2020 08:56:13 PM: INFO: *************  Add Customer Validation Started ***************
09/06/2020 08:56:14 PM: INFO: ************* Add Customer test Passed ****************
09/06/2020 08:56:14 PM: INFO: *************** Ending Test_03_add_customer test ****************
09/06/2020 08:56:18 PM: INFO: ********************** Test_01_Login **********************
09/06/2020 08:56:18 PM: INFO: ********************** Verify Home Page Title **********************
09/06/2020 08:56:25 PM: INFO: ********************** Home Page Title is passed **********************
09/06/2020 08:56:29 PM: INFO: ********************** test_ddt_login_002 ***********************
09/06/2020 08:56:29 PM: INFO: ********************** Verifying DDT Login Test **********************
09/06/2020 08:56:45 PM: INFO: ************* Test Passed **************
09/06/2020 08:56:53 PM: INFO: ************* Test Passed **************
09/06/2020 08:57:00 PM: INFO: ************* Test Passed **************
09/06/2020 08:57:06 PM: INFO: ************* Test Passed **************
09/06/2020 08:57:06 PM: INFO: ************* Login Test DDT is Passed **************
09/06/2020 08:57:06 PM: INFO: ************* End Of Login DDT Test **************
09/06/2020 08:57:06 PM: INFO: ************* test_ddt_login_002 Completed **************
09/06/2020 09:02:34 PM: INFO: *********************** Test_03_add_customer Started *******************
09/06/2020 09:02:49 PM: INFO: **************** Logged In Successfully *****************
09/06/2020 09:02:49 PM: INFO: ************ Started Add Customer Test **************
09/06/2020 09:03:11 PM: INFO: ********************** Test_01_Login **********************
09/06/2020 09:03:11 PM: INFO: ********************** Verify Home Page Title **********************
09/06/2020 09:03:20 PM: INFO: ********************** Home Page Title is passed **********************
09/06/2020 09:03:29 PM: INFO: ********************** test_ddt_login_002 ***********************
09/06/2020 09:03:29 PM: INFO: ********************** Verifying DDT Login Test **********************
09/06/2020 09:03:42 PM: ERROR: ************* Test Failed **************
09/06/2020 09:03:47 PM: INFO: ************* Test Passed **************
09/06/2020 09:03:54 PM: INFO: ************* Test Passed **************
09/06/2020 09:04:01 PM: INFO: ************* Test Passed **************
09/06/2020 09:04:01 PM: ERROR: ************* Login Test DDT is Failed **************
09/06/2020 09:05:59 PM: INFO: *********************** Test_03_add_customer Started *******************
09/06/2020 09:06:12 PM: INFO: **************** Logged In Successfully *****************
09/06/2020 09:06:12 PM: INFO: ************ Started Add Customer Test **************
09/06/2020 09:06:24 PM: INFO: ********************** Test_01_Login **********************
09/06/2020 09:06:24 PM: INFO: ********************** Verify Home Page Title **********************
09/06/2020 09:06:30 PM: INFO: ********************** Home Page Title is passed **********************
09/06/2020 09:06:38 PM: INFO: ********************** test_ddt_login_002 ***********************
09/06/2020 09:06:38 PM: INFO: ********************** Verifying DDT Login Test **********************
09/06/2020 09:06:48 PM: ERROR: ************* Test Failted **************
09/06/2020 09:06:54 PM: INFO: ************* Tes Passed **************
09/06/2020 09:07:01 PM: INFO: ************* Test Passed **************
09/06/2020 09:07:07 PM: INFO: ************* Test Passed **************
09/06/2020 09:07:07 PM: ERROR: ************* Login Test DDT is Failed **************
09/06/2020 09:22:42 PM: INFO: ********************** test_ddt_login_002 ***********************
09/06/2020 09:22:42 PM: INFO: ********************** Verifying DDT Login Test **********************
09/06/2020 09:22:53 PM: ERROR: ************* Test Failed **************
09/06/2020 09:22:59 PM: INFO: ************* Test Passed **************
09/06/2020 09:23:05 PM: INFO: ************* Test Passed **************
09/06/2020 09:23:12 PM: INFO: ************* Test Passed **************
09/06/2020 09:23:12 PM: ERROR: ************* Login Test DDT is Failed **************
09/06/2020 10:15:15 PM: INFO: ********************** Verifying Login Test**********************
09/06/2020 10:15:46 PM: INFO: ********************** Test Login passed **********************
09/06/2020 10:16:52 PM: INFO: *********************** Test_03_add_customer Started *******************
09/06/2020 10:17:08 PM: INFO: **************** Logged In Successfully *****************
09/06/2020 10:17:08 PM: INFO: ************ Started Add Customer Test **************
09/06/2020 10:17:25 PM: INFO: ********************** Test_01_Login **********************
09/06/2020 10:17:25 PM: INFO: ********************** Verify Home Page Title **********************
09/06/2020 10:17:46 PM: INFO: ********************** Home Page Title is passed **********************
09/06/2020 10:18:14 PM: INFO: ********************** Verifying Login Test**********************
09/06/2020 10:18:40 PM: INFO: ********************** Test Login passed **********************
09/06/2020 10:18:50 PM: INFO: ********************** test_ddt_login_002 ***********************
09/06/2020 10:18:50 PM: INFO: ********************** Verifying DDT Login Test **********************
09/06/2020 10:19:11 PM: INFO: ************* Test Passed **************
09/06/2020 10:19:21 PM: INFO: ************* Test Passed **************
09/06/2020 10:19:28 PM: INFO: ************* Test Passed **************
09/06/2020 10:19:34 PM: INFO: ************* Test Passed **************
09/06/2020 10:19:34 PM: INFO: ************* Login Test DDT is Passed **************
09/06/2020 10:19:40 PM: INFO: ************* End Of Login DDT Test **************
09/06/2020 10:19:40 PM: INFO: ************* test_ddt_login_002 Completed **************
09/06/2020 10:24:11 PM: INFO: *********************** Test_03_add_customer Started *******************
09/06/2020 10:24:26 PM: INFO: **************** Logged In Successfully *****************
09/06/2020 10:24:26 PM: INFO: ************ Started Add Customer Test **************
09/06/2020 10:25:13 PM: INFO: ********************** Test_01_Login **********************
09/06/2020 10:25:13 PM: INFO: ********************** Verify Home Page Title **********************
09/06/2020 10:25:46 PM: INFO: ********************** Home Page Title is passed **********************
09/06/2020 10:26:09 PM: INFO: ********************** Verifying Login Test**********************
09/06/2020 10:26:50 PM: INFO: ********************** Test Login passed **********************
09/06/2020 10:27:08 PM: INFO: ********************** test_ddt_login_002 ***********************
09/06/2020 10:27:08 PM: INFO: ********************** Verifying DDT Login Test **********************
09/06/2020 10:27:32 PM: INFO: ************* Test Passed **************
09/06/2020 10:27:41 PM: INFO: ************* Test Passed **************
09/06/2020 10:27:47 PM: INFO: ************* Test Passed **************
09/06/2020 10:27:53 PM: INFO: ************* Test Passed **************
09/06/2020 10:27:53 PM: INFO: ************* Login Test DDT is Passed **************
09/06/2020 10:28:04 PM: INFO: ************* End Of Login DDT Test **************
09/06/2020 10:28:04 PM: INFO: ************* test_ddt_login_002 Completed **************
